<?xml version="1.0" encoding="UTF-8"?>
<!-- Generated by org.testng.reporters.JUnitReportReporter -->
<testsuite skipped="0" hostname="DESKTOP-5SJBQFT" name="com.training.sanity.tests.FilterReturnListTest" tests="1" failures="0" timestamp="2020-01-30T19:55:51 IST" time="8.366" errors="0">
  <testcase name="filterReturnOrd" time="8.366" classname="com.training.sanity.tests.FilterReturnListTest"/>
</testsuite> <!-- com.training.sanity.tests.FilterReturnListTest -->
