<?xml version="1.0" encoding="UTF-8"?>
<!-- Generated by org.testng.reporters.JUnitReportReporter -->
<testsuite skipped="0" hostname="DESKTOP-5SJBQFT" name="com.training.sanity.tests.DeleteReturnOrderTest" tests="1" failures="0" timestamp="2020-01-30T13:39:24 IST" time="39.759" errors="0">
  <testcase name="DelReturnOrder" time="39.759" classname="com.training.sanity.tests.DeleteReturnOrderTest"/>
</testsuite> <!-- com.training.sanity.tests.DeleteReturnOrderTest -->
