<?xml version="1.0" encoding="UTF-8"?>
<!-- Generated by org.testng.reporters.JUnitReportReporter -->
<testsuite skipped="0" hostname="DESKTOP-5SJBQFT" name="com.training.sanity.tests.FilterCustomerListTest" tests="1" failures="0" timestamp="2020-01-31T09:40:12 IST" time="5.558" errors="0">
  <testcase name="filterCustomerOrder" time="5.558" classname="com.training.sanity.tests.FilterCustomerListTest"/>
</testsuite> <!-- com.training.sanity.tests.FilterCustomerListTest -->
