<?xml version="1.0" encoding="UTF-8"?>
<!-- Generated by org.testng.reporters.JUnitReportReporter -->
<testsuite skipped="0" hostname="DESKTOP-5SJBQFT" name="com.training.sanity.tests.DeleteOrderTest" tests="1" failures="0" timestamp="2020-01-30T13:08:32 IST" time="40.835" errors="0">
  <testcase name="DelOrder" time="40.835" classname="com.training.sanity.tests.DeleteOrderTest"/>
</testsuite> <!-- com.training.sanity.tests.DeleteOrderTest -->
