<?xml version="1.0" encoding="UTF-8"?>
<!-- Generated by org.testng.reporters.JUnitReportReporter -->
<testsuite skipped="0" hostname="DESKTOP-5SJBQFT" name="com.training.sanity.tests.FilterOrderDetailsTest" tests="1" failures="0" timestamp="2020-01-30T19:49:08 IST" time="12.790" errors="0">
  <testcase name="filterOrder" time="12.790" classname="com.training.sanity.tests.FilterOrderDetailsTest"/>
</testsuite> <!-- com.training.sanity.tests.FilterOrderDetailsTest -->
